<?xml version="1.0" encoding="UTF-8"?>
<!-- Generated by org.testng.reporters.JUnitReportReporter -->
<testsuite skipped="0" hostname="qapitol-ThinkPad-L470" name="Com.Api.Test.Board_BasicsTest" tests="1" failures="0" timestamp="05 Jun 2020 08:03:03 GMT" time="4.080" errors="0">
  <testcase name="TestApi" time="4.080" classname="Com.Api.Test.Board_BasicsTest"/>
</testsuite> <!-- Com.Api.Test.Board_BasicsTest -->
